[2015-03-01 18:57:08] START
[2015-03-01 18:58:33] CREATE db_cross.py: 0
[2015-03-01 20:18:10] EDIT Cross/models/db_cross.py: 54
[2015-03-01 20:21:01] EDIT Cross/models/db_cross.py: 0
[2015-03-01 20:21:42] CREATE pairs0-9.txt: 0
[2015-03-01 20:22:00] EDIT Cross/private/pairs0-9.txt: 40
[2015-03-01 20:22:27] EDIT Cross/models/db_cross.py: 0
[2015-03-01 20:26:22] EDIT Cross/models/db_cross.py: 0
[2015-03-01 20:28:53] EDIT Cross/private/pairs0-9.txt: 0
[2015-03-01 20:41:02] EDIT Cross/models/db_cross.py: 0
[2015-03-01 20:41:57] EDIT Cross/models/db_cross.py: 0
[2015-03-01 21:42:05] EDIT Cross/views/default/index.html: -21
[2015-03-01 21:48:16] CREATE default/show.html: 0
[2015-03-01 21:49:57] EDIT Cross/views/default/show.html: 12
[2015-03-01 21:50:04] EDIT Cross/views/default/index.html: 0
[2015-03-01 21:52:03] EDIT Cross/controllers/default.py: 2
[2015-03-01 21:53:18] EDIT Cross/views/default/index.html: 0
[2015-03-01 21:56:00] EDIT Cross/views/default/show.html: -13
[2015-03-01 21:56:06] EDIT Cross/views/default/index.html: 0
[2015-03-01 21:56:09] EDIT Cross/controllers/default.py: -5
[2015-03-01 23:47:05] EDIT Cross/controllers/appadmin.py: 1
[2015-03-01 23:48:17] EDIT Cross/controllers/appadmin.py: 0
[2015-03-02 00:00:56] EDIT Cross/controllers/appadmin.py: 0
[2015-03-02 00:02:24] EDIT Cross/controllers/appadmin.py: 0
[2015-03-02 00:02:50] EDIT Cross/controllers/appadmin.py: 0
[2015-03-02 21:50:24] DELETE Cross/private/pairs0-9.txt.bak: -40
[2015-03-02 21:50:46] CREATE changes.txt: 0
[2015-03-02 22:10:47] EDIT Cross/private/changes.txt: 7
[2015-03-03 08:28:00] EDIT Cross/views/layout.html: 0
[2015-03-03 08:28:05] EDIT Cross/views/layout.html: 0
[2015-03-03 08:30:02] EDIT Cross/views/layout.html: 0
[2015-03-03 08:31:33] EDIT Cross/views/appadmin.html: 0
[2015-03-03 08:31:51] EDIT Cross/views/appadmin.html: 0
[2015-03-03 08:32:12] EDIT Cross/views/appadmin.html: 0
[2015-03-03 08:33:26] EDIT Cross/views/default/index.html: 0
[2015-03-03 08:45:48] EDIT Cross/controllers/default.py: 9
[2015-03-03 08:47:17] EDIT Cross/controllers/default.py: -7
[2015-03-03 08:58:10] EDIT Cross/views/default/index.html: 0
[2015-03-03 08:58:20] EDIT Cross/models/db_cross.py: 0
[2015-03-03 09:01:34] EDIT Cross/controllers/default.py: 3
[2015-03-03 09:02:57] CREATE default/cross.html: 0
[2015-03-03 09:03:19] CREATE default/vertical.html: 0
[2015-03-03 09:03:43] EDIT Cross/controllers/default.py: 0
[2015-03-03 09:04:18] EDIT Cross/controllers/appadmin.py: 0
[2015-03-03 09:04:24] EDIT Cross/views/layout.html: 0
[2015-03-03 09:04:29] EDIT Cross/views/appadmin.html: 0
[2015-03-03 09:04:33] EDIT Cross/views/default/show.html: 7
[2015-03-03 09:04:39] EDIT Cross/controllers/default.py: 0
[2015-03-03 09:04:45] EDIT Cross/models/db_cross.py: 0
[2015-03-03 09:04:50] EDIT Cross/views/default/index.html: 0
[2015-03-03 09:09:55] EDIT Cross/views/default/cross.html: 6
[2015-03-03 09:10:43] EDIT Cross/views/default/vertical.html: -1
[2015-03-03 09:10:47] EDIT Cross/views/default/show.html: 0
[2015-03-03 09:10:55] EDIT Cross/views/default/cross.html: 0
[2015-03-03 09:11:29] DELETE Cross/views/default/show.html: -9
[2015-03-03 09:13:24] EDIT Cross/views/default/index.html: 0
[2015-03-03 09:16:09] EDIT Cross/controllers/default.py: 0
[2015-03-03 09:17:16] EDIT Cross/views/default/cross.html: -7
[2015-03-03 09:18:40] EDIT Cross/views/default/cross.html: 7
[2015-03-03 09:20:33] EDIT Cross/controllers/default.py: 0
[2015-03-03 09:21:24] EDIT Cross/controllers/default.py: 0
[2015-03-03 09:25:11] EDIT Cross/models/db_cross.py: 0
[2015-03-03 10:14:20] EDIT Cross/models/db_cross.py: 0
[2015-03-03 13:54:27] EDIT Cross/models/db_cross.py: 1
[2015-03-03 14:27:12] EDIT Cross/models/db_cross.py: 1
[2015-03-03 16:58:23] EDIT Cross/models/db_cross.py: 1
[2015-03-03 19:08:34] EDIT Cross/models/db_cross.py: 0
[2015-03-04 08:23:36] EDIT Cross/models/db_cross.py: 0
[2015-03-04 08:24:02] EDIT Cross/models/db_cross.py: 0
[2015-03-04 09:47:49] EDIT Cross/controllers/default.py: 1
[2015-03-04 09:52:24] EDIT Cross/controllers/default.py: 3
[2015-03-04 09:54:25] EDIT Cross/controllers/default.py: 0
[2015-03-04 09:54:33] EDIT Cross/controllers/default.py: 0
[2015-03-04 09:55:04] EDIT Cross/controllers/default.py: 0
[2015-03-04 09:56:53] EDIT Cross/views/default/vertical.html: 0
[2015-03-04 09:59:57] EDIT Cross/controllers/default.py: 1
[2015-03-04 10:21:18] EDIT Cross/controllers/default.py: 2
[2015-03-04 10:22:50] EDIT Cross/views/default/vertical.html: 7
[2015-03-04 10:25:25] EDIT Cross/views/default/vertical.html: 1
[2015-03-04 10:35:56] EDIT Cross/controllers/default.py: 0
[2015-03-04 10:36:43] EDIT Cross/views/default/vertical.html: 0
[2015-03-04 10:36:52] EDIT Cross/controllers/default.py: 0
[2015-03-04 10:38:41] EDIT Cross/controllers/default.py: 0
[2015-03-04 10:38:41] EDIT Cross/controllers/default.py: 0
[2015-03-04 10:49:17] EDIT Cross/controllers/default.py: 0
[2015-03-04 10:50:42] EDIT Cross/views/default/vertical.html: 1
[2015-03-04 10:51:41] EDIT Cross/views/default/vertical.html: -1
[2015-03-04 10:57:30] EDIT Cross/views/default/vertical.html: 0
[2015-03-04 11:58:11] EDIT Cross/views/default/vertical.html: 1
[2015-03-04 11:59:34] EDIT Cross/controllers/default.py: 2
[2015-03-04 12:00:37] EDIT Cross/controllers/default.py: -1
[2015-03-04 12:01:03] EDIT Cross/views/default/vertical.html: 0
[2015-03-04 12:02:54] EDIT Cross/controllers/default.py: 0
[2015-03-04 12:03:45] EDIT Cross/controllers/default.py: 1
[2015-03-04 12:05:26] EDIT Cross/views/default/vertical.html: -1
[2015-03-04 12:28:47] EDIT Cross/controllers/default.py: 3
[2015-03-04 12:37:33] EDIT Cross/controllers/default.py: -3
[2015-03-04 12:41:15] EDIT Cross/controllers/default.py: 1
[2015-03-04 12:41:41] EDIT Cross/controllers/default.py: 0
[2015-03-04 12:42:09] EDIT Cross/controllers/default.py: 0
[2015-03-04 12:43:28] EDIT Cross/controllers/default.py: 0
[2015-03-04 13:46:43] EDIT Cross/views/default/vertical.html: 4
[2015-03-04 13:48:46] EDIT Cross/views/default/vertical.html: 0
[2015-03-04 13:49:21] EDIT Cross/views/default/vertical.html: -1
[2015-03-04 13:50:44] EDIT Cross/views/default/vertical.html: 1
[2015-03-04 13:50:56] EDIT Cross/views/default/vertical.html: 0
[2015-03-04 13:52:56] EDIT Cross/views/default/vertical.html: 0
[2015-03-04 13:53:22] EDIT Cross/views/default/vertical.html: 0
[2015-03-04 13:54:29] EDIT Cross/views/default/vertical.html: 1
[2015-03-04 13:55:12] EDIT Cross/views/default/vertical.html: 0
[2015-03-04 13:55:52] EDIT Cross/views/default/vertical.html: 0
[2015-03-04 13:56:53] EDIT Cross/views/default/vertical.html: 0
[2015-03-04 15:38:06] CREATE css/cross.css: 0
[2015-03-04 15:41:56] EDIT Cross/static/css/cross.css: 6
[2015-03-04 15:42:44] EDIT Cross/views/default/vertical.html: 2
[2015-03-04 15:44:00] EDIT Cross/views/layout.html: 1
[2015-03-04 15:47:06] EDIT Cross/views/default/vertical.html: 0
[2015-03-04 15:48:00] EDIT Cross/static/css/cross.css: 1
[2015-03-04 15:49:18] EDIT Cross/static/css/cross.css: 0
[2015-03-04 15:50:33] EDIT Cross/static/css/cross.css: 0
[2015-03-04 15:50:55] EDIT Cross/static/css/cross.css: 0
[2015-03-04 15:59:36] EDIT Cross/views/layout.html: -3
[2015-03-04 16:00:21] EDIT Cross/views/layout.html: 1
[2015-03-04 16:00:46] EDIT Cross/views/layout.html: -2
[2015-03-04 16:01:20] EDIT Cross/static/css/cross.css: 0
[2015-03-04 16:02:15] EDIT Cross/static/css/cross.css: 0
[2015-03-04 16:02:55] EDIT Cross/static/css/cross.css: 1
[2015-03-04 16:05:16] EDIT Cross/views/default/cross.html: 0
[2015-03-04 16:07:14] EDIT Cross/views/default/cross.html: 0
[2015-03-04 16:07:15] EDIT Cross/views/default/cross.html: 0
[2015-03-04 16:07:41] EDIT Cross/views/default/cross.html: 0
[2015-03-04 16:12:34] EDIT Cross/static/css/cross.css: 1
[2015-03-04 16:13:11] EDIT Cross/views/default/cross.html: 0
[2015-03-04 16:14:14] EDIT Cross/views/default/cross.html: 0
[2015-03-04 16:16:02] EDIT Cross/views/default/vertical.html: 0
[2015-03-04 16:18:17] EDIT Cross/static/css/cross.css: 1
[2015-03-04 16:18:50] EDIT Cross/views/default/vertical.html: 0
[2015-03-04 16:19:20] EDIT Cross/static/css/cross.css: 0
[2015-03-04 16:22:34] EDIT Cross/static/css/cross.css: 0
[2015-03-04 16:23:06] EDIT Cross/static/css/cross.css: 0
[2015-03-04 16:23:28] EDIT Cross/static/css/cross.css: 0
[2015-03-04 16:24:15] EDIT Cross/views/default/vertical.html: 0
[2015-03-04 16:24:58] EDIT Cross/static/css/cross.css: 1
[2015-03-04 16:26:39] EDIT Cross/static/css/cross.css: -1
[2015-03-04 16:27:10] EDIT Cross/static/css/cross.css: 1
[2015-03-04 16:28:02] EDIT Cross/static/css/cross.css: -1
[2015-03-04 16:28:54] EDIT Cross/views/layout.html: 4
[2015-03-04 16:32:10] EDIT Cross/static/css/cross.css: -4
[2015-03-04 16:33:17] EDIT Cross/static/css/cross.css: 0
[2015-03-04 16:33:50] EDIT Cross/views/default/vertical.html: 0
[2015-03-04 16:38:15] EDIT Cross/static/css/cross.css: 1
[2015-03-04 16:41:21] EDIT Cross/static/css/cross.css: 1
[2015-03-04 16:41:47] EDIT Cross/views/default/vertical.html: 0
[2015-03-04 16:46:17] EDIT Cross/views/layout.html: -4
[2015-03-04 16:47:11] EDIT Cross/static/css/cross.css: -1
[2015-03-04 16:47:35] EDIT Cross/static/css/cross.css: 0
[2015-03-04 16:48:27] EDIT Cross/views/default/vertical.html: 0
[2015-03-04 16:48:41] EDIT Cross/static/css/cross.css: 0
[2015-03-04 16:48:49] EDIT Cross/static/css/cross.css: 1
[2015-03-04 16:49:18] EDIT Cross/static/css/cross.css: 0
[2015-03-04 16:50:59] EDIT Cross/static/css/cross.css: 0
[2015-03-04 16:51:44] EDIT Cross/static/css/cross.css: 0
[2015-03-04 16:59:22] EDIT Cross/views/layout.html: -13
[2015-03-04 17:02:09] EDIT Cross/static/css/cross.css: 0
[2015-03-04 17:07:24] EDIT Cross/static/css/cross.css: 0
[2015-03-04 17:17:19] EDIT Cross/static/css/cross.css: 3
[2015-03-04 17:17:47] EDIT Cross/static/css/cross.css: 1
[2015-03-04 17:18:12] EDIT Cross/static/css/cross.css: 1
[2015-03-04 17:19:08] EDIT Cross/static/css/cross.css: 1
[2015-03-04 17:19:57] EDIT Cross/static/css/cross.css: -3
[2015-03-04 17:23:36] EDIT Cross/static/css/cross.css: 4
[2015-03-04 17:25:28] EDIT Cross/views/layout.html: 4
[2015-03-04 17:26:04] EDIT Cross/views/layout.html: -1
[2015-03-04 17:26:25] EDIT Cross/views/layout.html: 0
[2015-03-04 17:26:53] EDIT Cross/views/layout.html: 0
[2015-03-04 17:27:10] EDIT Cross/views/layout.html: 0
[2015-03-04 17:30:19] EDIT Cross/views/layout.html: 1
[2015-03-04 17:41:02] EDIT Cross/static/css/cross.css: -1
[2015-03-04 17:41:16] EDIT Cross/static/css/cross.css: 0
[2015-03-04 17:41:30] EDIT Cross/static/css/cross.css: 0
[2015-03-04 17:41:46] EDIT Cross/static/css/cross.css: 0
[2015-03-04 17:42:44] EDIT Cross/static/css/cross.css: 0
[2015-03-04 17:45:13] EDIT Cross/views/default/vertical.html: 0
[2015-03-04 17:46:16] EDIT Cross/views/default/vertical.html: 0
[2015-03-04 17:47:14] EDIT Cross/views/default/vertical.html: 0
[2015-03-04 17:47:34] EDIT Cross/views/default/vertical.html: 0
[2015-03-04 17:53:11] EDIT Cross/views/default/vertical.html: 1
[2015-03-04 17:53:34] EDIT Cross/views/default/vertical.html: 0
[2015-03-04 18:56:15] EDIT Cross/views/layout.html: -5
[2015-03-04 18:59:15] EDIT Cross/views/layout.html: 5
[2015-03-04 19:02:10] EDIT Cross/views/default/vertical.html: 0
[2015-03-04 19:02:51] EDIT Cross/views/default/vertical.html: 0
[2015-03-04 19:27:53] EDIT Cross/views/default/vertical.html: 1
[2015-03-04 19:30:59] EDIT Cross/views/default/vertical.html: 0
[2015-03-04 19:33:01] EDIT Cross/views/default/vertical.html: 0
[2015-03-04 19:43:37] EDIT Cross/views/default/vertical.html: 3
[2015-03-04 19:48:33] EDIT Cross/views/default/vertical.html: 0
[2015-03-04 19:57:24] EDIT Cross/views/default/vertical.html: 2
[2015-03-04 20:01:42] EDIT Cross/views/default/vertical.html: 0
[2015-03-04 20:08:43] EDIT Cross/views/default/vertical.html: 0
[2015-03-04 20:09:35] EDIT Cross/views/default/vertical.html: 0
[2015-03-04 20:09:51] EDIT Cross/views/default/vertical.html: 0
[2015-03-04 20:34:42] EDIT Cross/views/default/vertical.html: 4
[2015-03-04 20:35:23] EDIT Cross/views/default/vertical.html: 0
[2015-03-04 21:20:08] EDIT Cross/models/menu.py: 2
[2015-03-04 21:20:59] EDIT Cross/models/menu.py: -3
[2015-03-04 21:22:18] EDIT Cross/models/menu.py: 3
[2015-03-04 21:24:19] EDIT Cross/models/menu.py: -1
[2015-03-04 21:25:37] EDIT Cross/models/menu.py: 0
[2015-03-04 21:26:04] EDIT Cross/models/menu.py: 0
[2015-03-04 21:26:36] EDIT Cross/models/menu.py: 0
[2015-03-04 21:26:59] EDIT Cross/models/menu.py: 0
[2015-03-04 21:27:56] EDIT Cross/models/menu.py: 0
[2015-03-04 21:28:29] EDIT Cross/models/menu.py: 0
[2015-03-04 21:29:05] EDIT Cross/models/menu.py: -1
[2015-03-04 21:37:45] EDIT Cross/models/menu.py: 1
[2015-03-04 21:38:07] EDIT Cross/models/menu.py: 0
[2015-03-04 21:40:54] EDIT Cross/models/menu.py: 1
[2015-03-04 21:41:38] EDIT Cross/models/menu.py: 0
[2015-03-04 21:47:55] EDIT Cross/models/menu.py: -1
[2015-03-04 21:51:00] EDIT Cross/models/menu.py: -4
[2015-03-04 22:10:49] EDIT Cross/views/default/cross.html: 0
[2015-03-04 22:11:36] EDIT Cross/controllers/default.py: 0
[2015-03-04 22:13:00] EDIT Cross/views/default/cross.html: 0
[2015-03-04 22:22:00] EDIT Cross/views/default/cross.html: 0
[2015-03-04 22:22:03] EDIT Cross/views/default/vertical.html: -4
[2015-03-04 22:22:07] EDIT Cross/controllers/default.py: 0
[2015-03-04 22:22:11] EDIT Cross/models/menu.py: 5
[2015-03-04 22:27:20] EDIT Cross/views/default/vertical.html: 1
[2015-03-04 22:37:37] EDIT Cross/models/menu.py: -105
[2015-03-04 22:38:44] EDIT Cross/models/menu.py: 0
[2015-03-04 22:46:30] EDIT Cross/models/menu.py: 1
[2015-03-04 22:59:57] EDIT Cross/views/layout.html: -41
[2015-03-04 23:00:42] EDIT Cross/views/default/index.html: 0
[2015-03-04 23:02:11] EDIT Cross/views/default/cross.html: 0
[2015-03-04 23:04:00] EDIT Cross/views/default/vertical.html: -1
[2015-03-04 23:04:10] EDIT Cross/views/default/vertical.html: 0
[2015-03-04 23:04:26] EDIT Cross/views/default/vertical.html: 0
[2015-03-04 23:07:02] EDIT Cross/views/default/vertical.html: 0
[2015-03-04 23:07:24] EDIT Cross/views/default/vertical.html: 0
[2015-03-04 23:44:53] EDIT Cross/views/layout.html: 0
[2015-03-04 23:46:06] EDIT Cross/views/layout.html: -8
[2015-03-04 23:48:01] EDIT Cross/views/layout.html: 4
[2015-03-04 23:49:17] EDIT Cross/views/layout.html: -16
[2015-03-04 23:52:45] EDIT Cross/views/layout.html: -13
[2015-03-04 23:58:01] EDIT Cross/static/css/cross.css: 0
[2015-03-04 23:58:24] EDIT Cross/static/css/cross.css: 0
[2015-03-04 23:59:24] EDIT Cross/static/css/cross.css: 0
[2015-03-04 23:59:53] EDIT Cross/static/css/cross.css: 0
[2015-03-05 00:00:16] EDIT Cross/static/css/cross.css: 0
[2015-03-05 00:00:28] EDIT Cross/static/css/cross.css: 0
[2015-03-05 00:14:37] EDIT Cross/views/default/vertical.html: 3
[2015-03-05 00:16:31] EDIT Cross/views/default/vertical.html: 0
[2015-03-05 01:48:34] EDIT Cross/views/default/vertical.html: 0
[2015-03-05 01:49:20] EDIT Cross/views/default/vertical.html: 0
[2015-03-05 01:49:44] EDIT Cross/views/default/vertical.html: 0
[2015-03-05 01:50:43] EDIT Cross/views/default/vertical.html: 0
[2015-03-05 01:51:15] EDIT Cross/views/default/vertical.html: 0
[2015-03-05 01:51:42] EDIT Cross/views/default/vertical.html: 0
[2015-03-05 01:52:49] EDIT Cross/views/default/vertical.html: 0
[2015-03-05 01:53:06] EDIT Cross/views/default/vertical.html: 0
[2015-03-05 08:20:27] EDIT Cross/views/default/vertical.html: 0
[2015-03-05 08:21:01] EDIT Cross/static/css/cross.css: 2
[2015-03-05 08:24:40] EDIT Cross/static/css/cross.css: 0
[2015-03-05 08:26:50] EDIT Cross/views/layout.html: -4
[2015-03-05 08:27:38] EDIT Cross/views/layout.html: 3
[2015-03-05 08:28:14] EDIT Cross/views/layout.html: -2
[2015-03-05 08:29:03] EDIT Cross/static/css/cross.css: 0
[2015-03-05 08:35:29] EDIT Cross/views/default/vertical.html: 0
[2015-03-05 08:35:54] EDIT Cross/views/layout.html: 3
[2015-03-05 08:36:26] EDIT Cross/static/css/cross.css: 2
[2015-03-05 08:36:54] EDIT Cross/views/default/vertical.html: 0
[2015-03-05 08:57:07] EDIT Cross/views/default/vertical.html: 5
[2015-03-05 09:00:10] EDIT Cross/views/default/vertical.html: -1
[2015-03-05 09:02:38] EDIT Cross/views/default/vertical.html: 0
[2015-03-05 09:03:00] EDIT Cross/views/default/vertical.html: 0
[2015-03-05 09:03:46] EDIT Cross/views/default/vertical.html: 0
[2015-03-05 09:04:20] EDIT Cross/views/default/vertical.html: 1
[2015-03-05 09:04:59] EDIT Cross/views/default/vertical.html: 0
[2015-03-05 09:06:09] EDIT Cross/views/default/vertical.html: 1
[2015-03-05 09:06:35] EDIT Cross/views/default/vertical.html: 0
[2015-03-05 09:09:10] EDIT Cross/static/css/cross.css: 1
[2015-03-05 09:09:35] EDIT Cross/static/css/cross.css: 0
[2015-03-05 09:11:08] EDIT Cross/static/css/cross.css: 0
[2015-03-05 09:12:00] EDIT Cross/views/default/vertical.html: 0
[2015-03-05 09:12:20] EDIT Cross/static/css/cross.css: 0
[2015-03-05 09:12:37] EDIT Cross/static/css/cross.css: 0
[2015-03-05 09:16:32] EDIT Cross/static/css/web2py.css: 0
[2015-03-05 09:19:19] EDIT Cross/views/default/vertical.html: 0
[2015-03-05 09:20:27] EDIT Cross/static/css/cross.css: 1
[2015-03-05 09:22:14] EDIT Cross/views/default/vertical.html: 0
[2015-03-05 09:22:22] EDIT Cross/views/default/vertical.html: 0
[2015-03-05 09:23:00] EDIT Cross/static/css/cross.css: 0
[2015-03-05 09:23:27] EDIT Cross/static/css/cross.css: 0
[2015-03-05 09:24:01] EDIT Cross/static/css/cross.css: 0
[2015-03-05 09:24:29] EDIT Cross/views/default/vertical.html: 0
[2015-03-05 09:24:47] EDIT Cross/views/default/vertical.html: 0
[2015-03-05 09:26:03] EDIT Cross/static/css/cross.css: 0
[2015-03-05 09:29:02] EDIT Cross/views/layout.html: -6
[2015-03-05 09:29:34] EDIT Cross/views/layout.html: 6
[2015-03-05 09:40:08] EDIT Cross/views/default/vertical.html: 0
[2015-03-05 09:41:07] EDIT Cross/views/default/vertical.html: 0
[2015-03-05 09:42:13] EDIT Cross/views/default/vertical.html: 0
[2015-03-05 09:43:14] EDIT Cross/views/default/vertical.html: 0
[2015-03-05 09:44:40] EDIT Cross/views/default/vertical.html: 0
[2015-03-05 09:45:06] EDIT Cross/views/default/vertical.html: 0
[2015-03-05 09:45:09] EDIT Cross/views/default/vertical.html: 0
[2015-03-05 09:45:32] EDIT Cross/views/default/vertical.html: 0
[2015-03-05 09:46:49] EDIT Cross/views/default/vertical.html: 0
[2015-03-05 09:52:54] EDIT Cross/static/css/cross.css: 0
[2015-03-05 09:53:50] EDIT Cross/static/css/cross.css: 0
[2015-03-05 09:54:26] EDIT Cross/static/css/cross.css: 0
[2015-03-05 10:00:08] EDIT Cross/views/default/vertical.html: 2
[2015-03-05 10:29:15] EDIT Cross/views/default/vertical.html: 3
[2015-03-05 12:50:18] EDIT Cross/views/default/vertical.html: 0
[2015-03-05 12:51:17] EDIT Cross/views/default/vertical.html: 0
[2015-03-05 12:52:46] EDIT Cross/views/default/vertical.html: 0
[2015-03-05 13:04:08] EDIT Cross/static/css/cross.css: 3
[2015-03-05 13:04:36] EDIT Cross/static/css/cross.css: 0
[2015-03-05 13:05:22] EDIT Cross/static/css/cross.css: 0
[2015-03-05 13:05:36] EDIT Cross/static/css/cross.css: 0
[2015-03-05 15:30:02] EDIT Cross/views/default/vertical.html: 3
[2015-03-05 15:31:14] EDIT Cross/static/css/cross.css: 1
[2015-03-05 15:31:21] EDIT Cross/views/default/vertical.html: 0
[2015-03-05 15:33:12] EDIT Cross/static/css/cross.css: 0
[2015-03-05 15:33:52] EDIT Cross/static/css/cross.css: 0
[2015-03-05 15:36:47] EDIT Cross/static/css/cross.css: 0
[2015-03-05 15:40:09] EDIT Cross/static/css/cross.css: 0
[2015-03-05 15:50:05] EDIT Cross/static/css/cross.css: 1
[2015-03-05 15:52:12] EDIT Cross/static/css/cross.css: -1
[2015-03-05 16:11:02] EDIT Cross/static/css/cross.css: 7
[2015-03-05 16:11:24] EDIT Cross/views/default/vertical.html: 0
[2015-03-05 16:12:52] EDIT Cross/views/default/index.html: 0
[2015-03-05 16:13:28] EDIT Cross/views/default/index.html: 0
[2015-03-05 16:14:04] EDIT Cross/static/css/cross.css: 0
[2015-03-05 16:14:07] EDIT Cross/static/css/cross.css: 0
[2015-03-05 16:19:47] EDIT Cross/static/css/cross.css: 0
[2015-03-05 18:47:47] EDIT Cross/views/default/vertical.html: 0
[2015-03-05 18:48:11] EDIT Cross/views/default/vertical.html: 0
[2015-03-05 18:49:27] EDIT Cross/views/default/vertical.html: 0
[2015-03-05 18:52:27] EDIT Cross/static/css/cross.css: 0
[2015-03-05 18:53:34] EDIT Cross/static/css/cross.css: 0
[2015-03-05 18:54:51] EDIT Cross/views/default/vertical.html: 1
[2015-03-05 19:07:45] EDIT Cross/views/default/vertical.html: 0
[2015-03-05 19:08:09] EDIT Cross/views/default/vertical.html: 0
[2015-03-05 19:41:10] EDIT Cross/views/default/vertical.html: 1
[2015-03-05 19:47:01] EDIT Cross/views/default/vertical.html: -2
[2015-03-05 19:48:15] EDIT Cross/models/menu.py: 1
[2015-03-05 19:50:19] EDIT Cross/models/menu.py: 0
[2015-03-05 20:02:33] EDIT Cross/models/menu.py: 1
[2015-03-05 20:08:28] EDIT Cross/models/menu.py: 0
[2015-03-05 20:47:22] EDIT Cross/models/menu.py: 0
[2015-03-05 20:48:01] EDIT Cross/models/menu.py: 0
[2015-03-05 20:48:23] EDIT Cross/models/menu.py: 0
[2015-03-05 20:49:11] EDIT Cross/controllers/default.py: 1
[2015-03-05 20:49:54] EDIT Cross/controllers/default.py: 0
[2015-03-05 20:51:12] EDIT Cross/controllers/default.py: 0
[2015-03-05 20:52:30] EDIT Cross/models/menu.py: 0
[2015-03-05 20:52:39] EDIT Cross/controllers/default.py: 0
[2015-03-05 20:56:35] EDIT Cross/controllers/default.py: 0
[2015-03-05 20:56:46] EDIT Cross/controllers/default.py: 0
[2015-03-05 20:57:06] EDIT Cross/models/menu.py: 0
[2015-03-05 20:57:38] EDIT Cross/models/menu.py: 0
[2015-03-05 21:05:20] EDIT Cross/controllers/default.py: 0
[2015-03-05 21:10:33] EDIT Cross/models/menu.py: 1
[2015-03-05 21:13:07] EDIT Cross/views/default/cross.html: 1
[2015-03-05 21:13:46] EDIT Cross/views/default/cross.html: -1
[2015-03-05 21:17:35] EDIT Cross/models/menu.py: 5
[2015-03-05 21:22:08] EDIT Cross/models/menu.py: 0
[2015-03-05 21:27:11] EDIT Cross/models/menu.py: 0
[2015-03-05 21:32:01] EDIT Cross/controllers/default.py: 0
[2015-03-05 21:33:36] EDIT Cross/models/menu.py: 4
[2015-03-05 21:37:20] EDIT Cross/models/menu.py: 4
[2015-03-05 21:45:58] EDIT Cross/models/menu.py: -1
[2015-03-05 21:53:42] EDIT Cross/models/menu.py: -4
[2015-03-05 21:55:14] EDIT Cross/models/menu.py: 0
[2015-03-05 22:01:28] EDIT Cross/models/menu.py: -4
[2015-03-05 22:12:30] EDIT Cross/models/menu.py: -1
[2015-03-05 22:14:42] EDIT Cross/models/menu.py: -1
[2015-03-05 22:15:28] EDIT Cross/models/menu.py: 1
[2015-03-05 22:17:57] EDIT Cross/models/menu.py: 1
[2015-03-05 22:18:38] EDIT Cross/models/menu.py: 0
[2015-03-05 22:19:02] EDIT Cross/models/menu.py: 0
[2015-03-05 22:19:49] EDIT Cross/models/menu.py: 0
[2015-03-05 22:43:41] EDIT Cross/views/default/index.html: -3
[2015-03-05 22:45:02] EDIT Cross/views/default/cross.html: -1
[2015-03-05 22:56:46] EDIT Cross/views/layout.html: 2
[2015-03-05 22:57:18] EDIT Cross/views/layout.html: 0
[2015-03-05 22:58:16] EDIT Cross/views/layout.html: -1
[2015-03-05 22:58:49] EDIT Cross/views/layout.html: 0
[2015-03-05 22:59:29] EDIT Cross/views/layout.html: 0
[2015-03-05 22:59:43] EDIT Cross/views/layout.html: 0
[2015-03-05 23:00:31] EDIT Cross/views/layout.html: 0
[2015-03-05 23:01:08] EDIT Cross/views/layout.html: 0
[2015-03-05 23:02:15] EDIT Cross/views/layout.html: 3
[2015-03-05 23:03:27] EDIT Cross/views/layout.html: -7
[2015-03-05 23:04:10] EDIT Cross/views/layout.html: 1
[2015-03-05 23:07:22] EDIT Cross/models/menu.py: 1
[2015-03-05 23:08:56] EDIT Cross/models/menu.py: -1
[2015-03-05 23:16:41] EDIT Cross/views/default/vertical.html: -1
[2015-03-05 23:35:40] EDIT Cross/views/default/vertical.html: 1
[2015-03-05 23:43:17] EDIT Cross/controllers/default.py: 0
[2015-03-05 23:49:01] EDIT Cross/controllers/default.py: 1
[2015-03-05 23:59:58] EDIT Cross/controllers/default.py: 0
[2015-03-06 08:32:49] EDIT Cross/controllers/default.py: 0
[2015-03-06 10:24:06] EDIT Cross/views/default/vertical.html: 0
[2015-03-06 10:36:44] EDIT Cross/controllers/default.py: 0
[2015-03-06 10:37:40] EDIT Cross/controllers/default.py: 0
[2015-03-06 10:51:35] EDIT Cross/controllers/default.py: 0
[2015-03-06 10:52:12] EDIT Cross/controllers/default.py: 0
[2015-03-06 11:02:53] EDIT Cross/controllers/default.py: 0
[2015-03-06 11:04:45] EDIT Cross/controllers/default.py: 1
[2015-03-06 12:03:01] EDIT Cross/controllers/default.py: 0
[2015-03-06 12:17:10] CREATE default/modify.html: 0
[2015-03-06 12:17:57] EDIT Cross/views/default/modify.html: 0
[2015-03-06 12:21:06] EDIT Cross/controllers/default.py: 0
[2015-03-06 12:21:57] EDIT Cross/controllers/default.py: 0
[2015-03-06 12:22:42] EDIT Cross/controllers/default.py: 0
[2015-03-06 12:30:52] EDIT Cross/controllers/default.py: 1
[2015-03-06 12:31:14] EDIT Cross/views/default/modify.html: 3
[2015-03-06 12:32:54] EDIT Cross/controllers/default.py: 0
[2015-03-06 12:33:09] EDIT Cross/views/default/modify.html: 0
[2015-03-06 12:34:54] EDIT Cross/controllers/default.py: 1
[2015-03-06 12:37:12] EDIT Cross/controllers/default.py: 1
[2015-03-06 12:38:07] EDIT Cross/controllers/default.py: 0
[2015-03-06 12:40:11] EDIT Cross/controllers/default.py: 0
[2015-03-06 12:42:01] EDIT Cross/controllers/default.py: 0
[2015-03-06 12:43:52] EDIT Cross/controllers/default.py: 0
[2015-03-06 12:46:20] EDIT Cross/controllers/default.py: 0
[2015-03-06 12:49:42] EDIT Cross/controllers/default.py: 0
[2015-03-06 13:11:54] EDIT Cross/controllers/default.py: 0
[2015-03-06 13:25:37] EDIT Cross/controllers/default.py: 1
[2015-03-06 13:25:56] EDIT Cross/views/default/modify.html: 0
[2015-03-06 13:33:21] EDIT Cross/controllers/default.py: 1
[2015-03-06 13:34:19] EDIT Cross/controllers/default.py: 1
[2015-03-06 13:38:39] EDIT Cross/controllers/default.py: -5
[2015-03-06 13:38:50] EDIT Cross/views/default/modify.html: -4
[2015-03-06 13:42:36] EDIT Cross/controllers/default.py: 0
[2015-03-06 13:55:05] EDIT Cross/controllers/default.py: 2
[2015-03-06 14:11:01] EDIT Cross/views/default/vertical.html: 4
[2015-03-06 14:11:41] EDIT Cross/views/default/vertical.html: 0
[2015-03-06 15:52:17] EDIT Cross/views/default/vertical.html: 0
[2015-03-06 15:54:49] EDIT Cross/controllers/default.py: 0
[2015-03-06 16:08:52] EDIT Cross/controllers/default.py: 3
[2015-03-06 16:09:10] EDIT Cross/views/default/modify.html: 3
[2015-03-06 16:12:48] EDIT Cross/controllers/default.py: 0
[2015-03-06 16:13:57] EDIT Cross/controllers/default.py: 1
[2015-03-06 16:14:21] EDIT Cross/controllers/default.py: 0
[2015-03-06 16:17:34] EDIT Cross/controllers/default.py: 0
[2015-03-06 16:18:03] EDIT Cross/controllers/default.py: 0
[2015-03-06 16:18:17] EDIT Cross/controllers/default.py: 0
[2015-03-06 16:23:22] EDIT Cross/controllers/default.py: 0
[2015-03-06 16:26:44] EDIT Cross/controllers/default.py: 0
[2015-03-06 16:27:06] EDIT Cross/controllers/default.py: 0
[2015-03-06 16:30:42] EDIT Cross/controllers/default.py: 1
[2015-03-06 16:43:41] EDIT Cross/controllers/default.py: 0
[2015-03-06 16:44:03] EDIT Cross/views/default/modify.html: -3
[2015-03-06 16:45:26] EDIT Cross/views/layout.html: 0
[2015-03-06 16:47:45] EDIT Cross/controllers/default.py: 1
[2015-03-06 16:48:04] EDIT Cross/controllers/default.py: 0
[2015-03-06 16:50:23] EDIT Cross/controllers/default.py: 0
[2015-03-06 17:38:41] EDIT Cross/controllers/default.py: -7
[2015-03-06 17:48:08] EDIT Cross/views/default/vertical.html: -1
[2015-03-06 17:50:30] EDIT Cross/views/default/vertical.html: -1
[2015-03-06 17:53:59] EDIT Cross/views/default/vertical.html: 0
[2015-03-06 17:55:04] EDIT Cross/views/default/vertical.html: -1
[2015-03-06 18:01:32] EDIT Cross/controllers/default.py: 1
[2015-03-06 18:07:12] EDIT Cross/views/default/modify.html: 1
[2015-03-06 18:08:54] EDIT Cross/views/default/modify.html: 0
[2015-03-06 18:09:14] EDIT Cross/controllers/default.py: 0
[2015-03-06 18:11:19] EDIT Cross/controllers/default.py: 0
[2015-03-06 18:13:07] EDIT Cross/controllers/default.py: 0
[2015-03-06 18:17:34] EDIT Cross/controllers/default.py: 2
[2015-03-06 18:20:22] EDIT Cross/controllers/default.py: 1
[2015-03-06 18:20:31] EDIT Cross/views/default/modify.html: -1
[2015-03-06 19:52:07] EDIT Cross/controllers/default.py: 0
[2015-03-06 19:55:05] EDIT Cross/controllers/default.py: -1
[2015-03-06 20:05:57] EDIT Cross/models/menu.py: 0
[2015-03-06 21:24:45] EDIT Cross/views/default/index.html: 1
[2015-03-06 21:37:53] EDIT Cross/views/default/vertical.html: 0
[2015-03-06 21:40:01] EDIT Cross/views/default/vertical.html: 0
[2015-03-06 21:48:17] EDIT Cross/views/default/index.html: 1
[2015-03-06 21:56:02] EDIT Cross/views/default/index.html: 2
[2015-03-06 22:01:03] EDIT Cross/views/default/index.html: 0
[2015-03-06 22:01:26] EDIT Cross/views/default/index.html: 0
[2015-03-06 22:02:17] EDIT Cross/views/default/index.html: 0
[2015-03-06 22:02:31] EDIT Cross/views/default/index.html: 0
[2015-03-06 22:02:33] EDIT Cross/views/default/index.html: 0
[2015-03-06 22:04:30] EDIT Cross/views/default/index.html: -1
[2015-03-06 22:05:04] EDIT Cross/views/default/index.html: 0
[2015-03-06 22:05:43] EDIT Cross/views/default/index.html: 0
[2015-03-06 22:06:13] EDIT Cross/views/default/index.html: 0
[2015-03-06 22:06:32] EDIT Cross/views/default/index.html: 0
[2015-03-06 22:09:23] EDIT Cross/views/default/vertical.html: -1
[2015-03-06 22:15:32] EDIT Cross/views/default/cross.html: 0
[2015-03-06 22:15:39] EDIT Cross/views/default/index.html: -3
[2015-03-06 22:15:43] EDIT Cross/views/default/vertical.html: 0
[2015-03-06 22:19:51] EDIT Cross/views/default/vertical.html: 0
[2015-03-06 22:40:28] EDIT Cross/views/default/vertical.html: 0
[2015-03-06 22:42:18] EDIT Cross/views/default/vertical.html: 0
[2015-03-06 22:45:25] EDIT Cross/views/default/vertical.html: 0
[2015-03-06 22:48:51] EDIT Cross/views/default/vertical.html: 0
[2015-03-06 23:02:37] EDIT Cross/views/default/vertical.html: 1
[2015-03-06 23:04:36] EDIT Cross/views/default/vertical.html: 0
[2015-03-06 23:05:05] EDIT Cross/views/default/vertical.html: 0
[2015-03-06 23:07:25] EDIT Cross/views/default/vertical.html: 0
[2015-03-06 23:12:24] EDIT Cross/views/default/vertical.html: 0
[2015-03-06 23:17:21] CREATE default/pairmod.html: 0
[2015-03-06 23:17:45] CREATE default/plintmod.html: 0
[2015-03-06 23:19:34] EDIT Cross/controllers/default.py: 0
[2015-03-06 23:21:06] EDIT Cross/views/default/pairmod.html: -1
[2015-03-06 23:21:19] EDIT Cross/views/default/plintmod.html: -1
[2015-03-06 23:21:45] DELETE Cross/views/default/modify.html: -2
[2015-03-06 23:24:49] EDIT Cross/views/default/vertical.html: 0
[2015-03-06 23:25:51] EDIT Cross/views/default/vertical.html: 0
[2015-03-06 23:26:58] EDIT Cross/controllers/default.py: 0
[2015-03-06 23:30:16] EDIT Cross/controllers/default.py: 1
[2015-03-06 23:36:52] EDIT Cross/controllers/default.py: -3
[2015-03-06 23:45:55] EDIT Cross/controllers/default.py: 10
[2015-03-06 23:46:01] EDIT Cross/controllers/default.py: 0
[2015-03-06 23:46:27] EDIT Cross/controllers/default.py: 0
[2015-03-06 23:46:34] EDIT Cross/controllers/default.py: 0
[2015-03-06 23:46:36] EDIT Cross/controllers/default.py: 0
[2015-03-06 23:48:41] EDIT Cross/controllers/default.py: 0
[2015-03-07 00:34:07] EDIT Cross/controllers/default.py: 1
[2015-03-07 00:35:12] EDIT Cross/controllers/default.py: 0
[2015-03-07 00:37:27] EDIT Cross/controllers/default.py: 0
[2015-03-07 00:39:12] EDIT Cross/controllers/default.py: 0
[2015-03-07 00:41:12] EDIT Cross/controllers/default.py: 0
[2015-03-07 00:42:01] EDIT Cross/controllers/default.py: 0
[2015-03-07 00:51:24] EDIT Cross/controllers/default.py: -1
[2015-03-07 00:51:59] EDIT Cross/controllers/default.py: 0
[2015-03-07 00:52:44] EDIT Cross/controllers/default.py: 0
[2015-03-07 00:54:15] EDIT Cross/controllers/default.py: 0
[2015-03-07 09:45:00] EDIT Cross/controllers/default.py: 3
[2015-03-07 09:45:53] CREATE default/manage.html: 0
[2015-03-07 09:49:46] EDIT Cross/models/menu.py: 2
[2015-03-07 09:52:05] EDIT Cross/views/default/manage.html: -1
[2015-03-07 10:03:37] EDIT Cross/models/menu.py: 0
[2015-03-07 10:14:56] EDIT Cross/models/menu.py: 0
[2015-03-07 10:22:34] EDIT Cross/models/menu.py: 5
[2015-03-07 10:22:53] EDIT Cross/controllers/default.py: 0
[2015-03-07 10:34:23] EDIT Cross/models/menu.py: -3
[2015-03-07 10:35:28] EDIT Cross/controllers/default.py: 0
[2015-03-07 10:35:52] EDIT Cross/controllers/default.py: 0
[2015-03-07 10:39:17] EDIT Cross/controllers/default.py: 1
[2015-03-07 10:39:28] EDIT Cross/views/default/manage.html: 1
[2015-03-07 10:40:17] EDIT Cross/views/default/manage.html: 0
[2015-03-07 10:42:27] EDIT Cross/views/default/vertical.html: 0
[2015-03-07 10:43:42] EDIT Cross/views/default/vertical.html: 0
[2015-03-07 10:44:24] EDIT Cross/views/default/vertical.html: 0
[2015-03-07 10:46:24] EDIT Cross/views/default/vertical.html: 0
[2015-03-07 10:48:40] EDIT Cross/models/menu.py: 0
[2015-03-07 10:49:08] EDIT Cross/models/menu.py: 0
[2015-03-07 10:50:13] EDIT Cross/models/menu.py: 0
[2015-03-07 10:50:58] EDIT Cross/models/menu.py: 0
[2015-03-07 10:51:51] EDIT Cross/models/menu.py: 0
[2015-03-07 10:52:02] EDIT Cross/models/menu.py: 0
[2015-03-07 10:52:26] EDIT Cross/models/menu.py: 0
[2015-03-07 10:52:58] EDIT Cross/controllers/default.py: 0
[2015-03-07 10:56:45] EDIT Cross/models/menu.py: 0
[2015-03-07 10:57:13] EDIT Cross/models/menu.py: 0
[2015-03-07 10:58:20] EDIT Cross/models/menu.py: 0
[2015-03-07 10:59:17] EDIT Cross/models/menu.py: 0
[2015-03-07 11:00:17] EDIT Cross/models/menu.py: 0
[2015-03-07 11:01:51] EDIT Cross/controllers/default.py: 0
[2015-03-07 11:05:42] EDIT Cross/controllers/default.py: 0
[2015-03-07 11:07:26] EDIT Cross/models/menu.py: 0
[2015-03-07 11:07:53] EDIT Cross/controllers/default.py: 0
[2015-03-07 11:08:25] EDIT Cross/views/default/manage.html: -1
[2015-03-07 11:10:03] EDIT Cross/models/menu.py: 0
[2015-03-07 11:13:54] EDIT Cross/controllers/default.py: 0
[2015-03-07 11:14:04] EDIT Cross/views/default/manage.html: 1
[2015-03-07 11:14:41] EDIT Cross/models/menu.py: 0
[2015-03-07 11:15:38] EDIT Cross/models/menu.py: 0
[2015-03-07 11:18:10] EDIT Cross/models/menu.py: 0
[2015-03-07 11:20:25] EDIT Cross/controllers/default.py: 1
[2015-03-07 11:21:55] EDIT Cross/models/menu.py: 0
[2015-03-07 11:26:33] EDIT Cross/models/menu.py: 0
[2015-03-07 11:29:23] EDIT Cross/models/menu.py: 0
[2015-03-07 11:29:48] EDIT Cross/models/menu.py: 0
[2015-03-07 11:30:05] EDIT Cross/models/menu.py: 0
[2015-03-07 11:30:27] EDIT Cross/models/menu.py: 1
[2015-03-07 11:30:31] EDIT Cross/models/menu.py: 0
[2015-03-07 11:32:06] EDIT Cross/models/menu.py: 0
[2015-03-07 11:32:12] EDIT Cross/models/menu.py: 0
[2015-03-07 11:33:37] EDIT Cross/models/menu.py: 0
[2015-03-07 11:33:43] EDIT Cross/models/menu.py: 0
[2015-03-07 11:44:49] EDIT Cross/models/menu.py: 0
[2015-03-07 11:45:43] EDIT Cross/models/menu.py: 0
[2015-03-07 11:49:32] EDIT Cross/models/menu.py: 3
[2015-03-07 11:57:34] EDIT Cross/models/menu.py: -4
[2015-03-07 11:58:23] EDIT Cross/models/menu.py: 1
[2015-03-07 12:01:33] EDIT Cross/models/menu.py: 1
[2015-03-07 12:02:44] EDIT Cross/models/menu.py: 0
[2015-03-07 12:03:40] EDIT Cross/models/menu.py: 0
[2015-03-07 12:23:22] EDIT Cross/models/menu.py: 0
[2015-03-07 12:23:44] EDIT Cross/models/menu.py: 0
[2015-03-07 12:24:00] EDIT Cross/models/menu.py: 0
[2015-03-07 12:30:58] EDIT Cross/models/menu.py: 0
[2015-03-07 12:32:19] EDIT Cross/models/menu.py: 0
[2015-03-07 12:36:47] EDIT Cross/controllers/default.py: 4
[2015-03-07 12:37:10] EDIT Cross/views/default/manage.html: -1
[2015-03-07 12:39:22] EDIT Cross/controllers/default.py: 1
[2015-03-07 12:40:27] EDIT Cross/controllers/default.py: 1
[2015-03-07 12:41:11] EDIT Cross/controllers/default.py: 0
[2015-03-07 13:03:44] EDIT Cross/controllers/default.py: 1
[2015-03-07 13:08:54] EDIT Cross/controllers/default.py: 0
[2015-03-07 13:26:41] EDIT Cross/controllers/default.py: 0
[2015-03-07 13:26:50] EDIT Cross/views/default/manage.html: 0
[2015-03-07 15:17:53] EDIT Cross/controllers/default.py: -9
[2015-03-07 15:34:10] EDIT Cross/models/menu.py: 1
[2015-03-07 15:35:14] EDIT Cross/controllers/default.py: 1
[2015-03-07 15:35:53] EDIT Cross/controllers/default.py: 0
[2015-03-07 15:36:37] EDIT Cross/controllers/default.py: 1
[2015-03-07 15:38:34] EDIT Cross/controllers/default.py: 0
[2015-03-07 15:38:54] EDIT Cross/controllers/default.py: 0
[2015-03-07 15:40:47] EDIT Cross/views/default/manage.html: 1
[2015-03-07 15:41:10] EDIT Cross/controllers/default.py: 0
[2015-03-07 15:44:49] EDIT Cross/controllers/default.py: 9
[2015-03-07 15:45:43] EDIT Cross/controllers/default.py: -3
[2015-03-07 15:46:05] EDIT Cross/models/menu.py: 0
[2015-03-07 15:46:37] EDIT Cross/views/default/manage.html: -1
[2015-03-07 15:49:22] EDIT Cross/controllers/default.py: 0
[2015-03-07 15:50:37] EDIT Cross/controllers/default.py: 1
[2015-03-07 15:51:17] EDIT Cross/controllers/default.py: 0
[2015-03-07 15:52:16] EDIT Cross/views/default/manage.html: 1
[2015-03-07 15:54:46] EDIT Cross/controllers/default.py: 0
[2015-03-07 16:05:11] EDIT Cross/controllers/default.py: 1
[2015-03-07 16:06:56] EDIT Cross/controllers/default.py: 0
[2015-03-07 16:08:42] EDIT Cross/controllers/default.py: 0
[2015-03-07 16:09:57] EDIT Cross/controllers/default.py: 0
[2015-03-07 16:11:34] EDIT Cross/controllers/default.py: 0
[2015-03-07 16:12:27] EDIT Cross/controllers/default.py: 0
[2015-03-07 16:13:54] EDIT Cross/controllers/default.py: 0
[2015-03-07 16:14:50] EDIT Cross/controllers/default.py: 0
[2015-03-07 16:17:47] EDIT Cross/controllers/default.py: 0
[2015-03-07 16:18:02] EDIT Cross/controllers/default.py: 0
[2015-03-07 16:18:19] EDIT Cross/controllers/default.py: 0
[2015-03-07 16:18:33] EDIT Cross/views/default/manage.html: 1
[2015-03-07 16:19:34] EDIT Cross/views/default/manage.html: 2
[2015-03-07 16:20:13] EDIT Cross/views/default/manage.html: 0
[2015-03-07 16:20:32] EDIT Cross/views/default/manage.html: 0
[2015-03-07 16:22:23] EDIT Cross/controllers/default.py: 0
[2015-03-07 16:22:54] EDIT Cross/views/default/manage.html: 1
[2015-03-07 16:23:23] EDIT Cross/views/default/manage.html: 0
[2015-03-07 16:25:08] EDIT Cross/controllers/default.py: 0
[2015-03-07 16:37:50] EDIT Cross/controllers/default.py: 0
[2015-03-07 16:38:34] EDIT Cross/controllers/default.py: 0
[2015-03-07 16:41:36] EDIT Cross/views/default/manage.html: -3
[2015-03-07 16:42:08] EDIT Cross/controllers/default.py: 1
[2015-03-07 16:43:36] EDIT Cross/controllers/default.py: 0
[2015-03-07 16:43:44] EDIT Cross/views/default/manage.html: 0
[2015-03-07 16:53:48] EDIT Cross/controllers/default.py: -3
[2015-03-07 16:53:56] EDIT Cross/controllers/default.py: 0
[2015-03-07 16:54:03] EDIT Cross/views/default/manage.html: -2
[2015-03-07 16:54:14] EDIT Cross/controllers/default.py: 0
[2015-03-07 16:55:30] EDIT Cross/controllers/default.py: 1
[2015-03-07 16:58:03] EDIT Cross/controllers/default.py: 0
[2015-03-07 16:59:41] EDIT Cross/controllers/default.py: 0
[2015-03-07 17:00:46] EDIT Cross/controllers/default.py: 0
[2015-03-07 17:01:30] EDIT Cross/controllers/default.py: 0
[2015-03-07 17:01:41] EDIT Cross/controllers/default.py: 0
[2015-03-07 17:03:21] EDIT Cross/controllers/default.py: 0
[2015-03-07 17:05:33] EDIT Cross/controllers/default.py: 1
[2015-03-07 17:07:28] EDIT Cross/controllers/default.py: 0
[2015-03-07 17:11:29] EDIT Cross/controllers/default.py: 2
[2015-03-07 17:11:42] EDIT Cross/views/default/manage.html: 1
[2015-03-07 17:12:02] EDIT Cross/controllers/default.py: 0
[2015-03-07 17:12:55] EDIT Cross/controllers/default.py: 0
[2015-03-07 17:13:16] EDIT Cross/controllers/default.py: 0
[2015-03-07 19:23:45] EDIT Cross/controllers/default.py: 1
[2015-03-07 19:24:44] EDIT Cross/controllers/default.py: 0
[2015-03-07 19:25:07] EDIT Cross/controllers/default.py: 0
[2015-03-07 19:25:26] EDIT Cross/controllers/default.py: 0
[2015-03-07 19:25:40] EDIT Cross/controllers/default.py: 0
[2015-03-07 19:27:13] EDIT Cross/controllers/default.py: 0
[2015-03-07 19:27:59] EDIT Cross/controllers/default.py: 0
[2015-03-07 19:28:24] EDIT Cross/controllers/default.py: 0
[2015-03-07 19:28:57] EDIT Cross/controllers/default.py: 0
[2015-03-07 19:42:55] EDIT Cross/controllers/default.py: 1
[2015-03-07 19:50:57] EDIT Cross/controllers/default.py: 0
[2015-03-07 19:53:29] EDIT Cross/controllers/default.py: 1
[2015-03-08 08:57:49] EDIT Cross/views/default/cross.html: 2
[2015-03-08 09:08:24] EDIT Cross/views/default/cross.html: 7
[2015-03-08 09:11:23] EDIT Cross/views/default/cross.html: 2
[2015-03-08 09:14:13] EDIT Cross/views/default/index.html: 3
[2015-03-08 10:19:52] EDIT Cross/views/default/index.html: -3
[2015-03-08 10:23:52] EDIT Cross/views/default/index.html: 0
[2015-03-08 10:26:35] EDIT Cross/views/default/index.html: 3
[2015-03-08 10:29:37] EDIT Cross/views/default/index.html: 0
[2015-03-08 10:36:57] EDIT Cross/views/default/index.html: 0
[2015-03-08 10:37:05] EDIT Cross/views/default/index.html: 0
[2015-03-08 10:38:10] EDIT Cross/views/default/index.html: 0
[2015-03-08 10:40:22] EDIT Cross/views/default/index.html: 0
[2015-03-08 10:40:56] EDIT Cross/views/default/index.html: -3
[2015-03-08 10:45:34] EDIT Cross/controllers/default.py: 0
[2015-03-08 11:04:11] EDIT Cross/views/default/cross.html: 1
[2015-03-08 11:06:28] EDIT Cross/views/default/cross.html: 1
[2015-03-08 11:06:56] EDIT Cross/views/default/cross.html: 0
[2015-03-08 11:07:12] EDIT Cross/views/default/cross.html: 0
[2015-03-08 11:07:56] EDIT Cross/views/default/cross.html: -1
[2015-03-08 11:09:54] EDIT Cross/views/default/cross.html: 1
[2015-03-08 11:10:32] EDIT Cross/views/default/cross.html: -1
[2015-03-08 11:10:57] EDIT Cross/views/default/cross.html: 0
[2015-03-08 11:13:11] EDIT Cross/views/default/index.html: 0
[2015-03-08 11:13:35] EDIT Cross/views/default/index.html: 0
[2015-03-08 11:13:49] EDIT Cross/views/default/index.html: 0
[2015-03-08 11:13:56] EDIT Cross/views/default/cross.html: 0
[2015-03-08 11:14:41] EDIT Cross/views/default/cross.html: 0
[2015-03-08 11:15:25] EDIT Cross/views/default/cross.html: 0
[2015-03-08 11:15:44] EDIT Cross/views/default/cross.html: 0
[2015-03-08 11:16:21] EDIT Cross/views/default/cross.html: 0
[2015-03-08 14:25:33] EDIT Cross/models/menu.py: -1
[2015-03-08 14:28:36] EDIT Cross/views/default/cross.html: 0
[2015-03-08 14:38:32] EDIT Cross/views/default/cross.html: 3
[2015-03-08 16:34:15] EDIT Cross/models/menu.py: 5
[2015-03-08 16:35:58] EDIT Cross/models/menu.py: 0
[2015-03-08 16:36:47] EDIT Cross/models/menu.py: 0
[2015-03-08 16:41:26] EDIT Cross/models/menu.py: 0
[2015-03-08 19:58:23] EDIT Cross/models/menu.py: 0
[2015-03-08 20:46:49] EDIT Cross/controllers/default.py: 1
[2015-03-08 20:49:25] EDIT Cross/views/default/index.html: 15
[2015-03-08 20:49:47] EDIT Cross/views/default/index.html: 0
[2015-03-08 20:53:33] EDIT Cross/views/default/index.html: 1
[2015-03-08 20:53:43] EDIT Cross/views/default/index.html: 0
[2015-03-08 20:56:06] EDIT Cross/views/default/index.html: 0
[2015-03-08 20:56:52] EDIT Cross/views/default/index.html: 0
[2015-03-08 20:57:10] EDIT Cross/views/default/index.html: 0
[2015-03-08 20:57:37] EDIT Cross/views/default/index.html: 0
[2015-03-08 20:58:35] EDIT Cross/views/default/index.html: 0
[2015-03-08 20:58:56] EDIT Cross/views/default/index.html: 0
[2015-03-08 20:59:42] EDIT Cross/views/default/index.html: 0
[2015-03-08 20:59:47] EDIT Cross/views/default/index.html: 0
[2015-03-08 21:00:25] EDIT Cross/views/default/index.html: 0
[2015-03-08 21:02:51] EDIT Cross/views/default/index.html: 1
[2015-03-08 21:03:57] EDIT Cross/views/default/index.html: -3
[2015-03-08 21:16:26] EDIT Cross/views/default/index.html: -1
[2015-03-08 21:20:23] EDIT Cross/views/default/index.html: 1
[2015-03-08 21:22:07] EDIT Cross/views/default/cross.html: -1
[2015-03-08 21:22:56] EDIT Cross/controllers/default.py: 1
[2015-03-08 21:23:53] EDIT Cross/views/default/cross.html: -21
[2015-03-08 21:25:10] EDIT Cross/views/default/cross.html: 0
[2015-03-08 21:39:00] DELETE Cross/views/default/cross.html: -1
[2015-03-08 21:42:23] EDIT Cross/controllers/default.py: 1
[2015-03-08 21:42:38] EDIT Cross/controllers/default.py: 0
[2015-03-08 21:43:15] EDIT Cross/controllers/default.py: 0
[2015-03-08 21:43:48] EDIT Cross/controllers/default.py: 0
[2015-03-08 21:44:32] EDIT Cross/controllers/default.py: 0
[2015-03-08 21:44:49] EDIT Cross/controllers/default.py: 0
[2015-03-08 21:45:18] EDIT Cross/controllers/default.py: 1
[2015-03-08 21:45:49] EDIT Cross/controllers/default.py: 0
[2015-03-08 21:46:22] EDIT Cross/controllers/default.py: 0
[2015-03-08 21:48:36] EDIT Cross/controllers/default.py: 0
[2015-03-08 21:48:49] EDIT Cross/controllers/default.py: 0
[2015-03-08 21:49:30] EDIT Cross/controllers/default.py: 0
[2015-03-08 22:08:47] EDIT Cross/controllers/default.py: 0
[2015-03-08 22:09:28] EDIT Cross/controllers/default.py: 0
[2015-03-08 22:10:11] EDIT Cross/controllers/default.py: 0
[2015-03-08 22:11:06] EDIT Cross/controllers/default.py: 0
[2015-03-08 22:37:24] EDIT Cross/controllers/default.py: 0
[2015-03-08 23:10:45] EDIT Cross/models/menu.py: 0
[2015-03-08 23:11:20] EDIT Cross/models/menu.py: 0
[2015-03-08 23:23:38] EDIT Cross/models/menu.py: 0
[2015-03-08 23:23:58] EDIT Cross/controllers/default.py: -3
[2015-03-08 23:26:55] EDIT Cross/models/menu.py: 0
[2015-03-08 23:27:24] EDIT Cross/models/menu.py: 0
[2015-03-08 23:27:44] EDIT Cross/models/menu.py: 0
[2015-03-08 23:27:46] EDIT Cross/models/menu.py: 0
[2015-03-08 23:28:51] EDIT Cross/models/menu.py: 0
[2015-03-08 23:30:03] EDIT Cross/models/menu.py: 0
[2015-03-09 09:31:40] EDIT Cross/models/db_cross.py: 0
[2015-03-09 09:42:41] EDIT Cross/models/db_cross.py: 0
[2015-03-09 09:46:27] EDIT Cross/models/db_cross.py: 0
[2015-03-09 09:49:48] EDIT Cross/models/db_cross.py: 0
[2015-03-09 09:51:49] EDIT Cross/models/db_cross.py: 0
[2015-03-09 09:54:18] EDIT Cross/models/db_cross.py: 0
[2015-03-09 09:57:00] EDIT Cross/models/db_cross.py: 0
[2015-03-09 10:06:07] EDIT Cross/models/db_cross.py: 1
[2015-03-09 10:08:17] EDIT Cross/models/db_cross.py: 0
[2015-03-09 10:08:57] EDIT Cross/models/db_cross.py: 0
[2015-03-09 10:15:35] EDIT Cross/views/default/vertical.html: 0
[2015-03-09 10:26:29] EDIT Cross/models/db_cross.py: 0
[2015-03-09 10:32:07] EDIT Cross/models/db_cross.py: 0
[2015-03-09 10:32:18] EDIT Cross/models/db_cross.py: 0
[2015-03-09 10:47:40] EDIT Cross/views/default/vertical.html: 1
[2015-03-09 10:50:27] EDIT Cross/views/default/vertical.html: 2
[2015-03-09 10:51:21] EDIT Cross/views/default/vertical.html: 0
[2015-03-09 10:51:44] EDIT Cross/views/default/vertical.html: 0
[2015-03-09 10:52:40] EDIT Cross/views/default/vertical.html: 0
[2015-03-09 10:54:33] EDIT Cross/views/default/vertical.html: 0
[2015-03-09 11:26:41] EDIT Cross/views/default/vertical.html: 0
[2015-03-09 11:27:43] EDIT Cross/views/default/vertical.html: 0
[2015-03-09 11:28:16] EDIT Cross/views/default/vertical.html: 0
[2015-03-09 11:30:33] EDIT Cross/views/default/vertical.html: 0
[2015-03-09 11:32:08] EDIT Cross/views/default/vertical.html: 0
[2015-03-09 11:32:44] EDIT Cross/views/default/vertical.html: 0
[2015-03-09 11:53:45] EDIT Cross/views/default/vertical.html: 3
[2015-03-09 11:54:47] EDIT Cross/views/default/vertical.html: 0
[2015-03-09 11:55:02] EDIT Cross/views/default/vertical.html: 0
[2015-03-09 11:56:54] EDIT Cross/views/default/vertical.html: 1
[2015-03-09 11:57:29] EDIT Cross/views/default/vertical.html: 1
[2015-03-09 12:26:36] EDIT Cross/views/default/vertical.html: -1
[2015-03-09 12:45:02] EDIT Cross/views/default/vertical.html: 3
[2015-03-09 12:45:45] EDIT Cross/views/default/vertical.html: 0
[2015-03-09 12:53:14] EDIT Cross/views/default/vertical.html: 1
[2015-03-09 13:14:19] EDIT Cross/views/default/vertical.html: -3
[2015-03-09 13:21:45] EDIT Cross/views/default/vertical.html: 4
[2015-03-09 13:36:25] EDIT Cross/controllers/default.py: 0
