timestamp: 2015-07-13T11:30:59.537000
CREATE TABLE auth_user(
    id INTEGER PRIMARY KEY AUTOINCREMENT,
    first_name CHAR(128),
    last_name CHAR(128),
    email CHAR(512),
    password CHAR(512),
    registration_key CHAR(512),
    reset_password_key CHAR(512),
    registration_id CHAR(512)
);
success!
timestamp: 2015-07-13T11:30:59.662000
CREATE TABLE auth_group(
    id INTEGER PRIMARY KEY AUTOINCREMENT,
    role CHAR(512),
    description TEXT
);
success!
timestamp: 2015-07-13T11:30:59.779000
CREATE TABLE auth_membership(
    id INTEGER PRIMARY KEY AUTOINCREMENT,
    user_id INTEGER REFERENCES auth_user (id) ON DELETE CASCADE,
    group_id INTEGER REFERENCES auth_group (id) ON DELETE CASCADE
);
success!
timestamp: 2015-07-13T11:30:59.910000
CREATE TABLE auth_permission(
    id INTEGER PRIMARY KEY AUTOINCREMENT,
    group_id INTEGER REFERENCES auth_group (id) ON DELETE CASCADE,
    name CHAR(512),
    table_name CHAR(512),
    record_id INTEGER
);
success!
timestamp: 2015-07-13T11:31:00.031000
CREATE TABLE auth_event(
    id INTEGER PRIMARY KEY AUTOINCREMENT,
    time_stamp TIMESTAMP,
    client_ip CHAR(512),
    user_id INTEGER REFERENCES auth_user (id) ON DELETE CASCADE,
    origin CHAR(512),
    description TEXT
);
success!
timestamp: 2015-07-13T11:31:00.143000
CREATE TABLE auth_cas(
    id INTEGER PRIMARY KEY AUTOINCREMENT,
    user_id INTEGER REFERENCES auth_user (id) ON DELETE CASCADE,
    created_on TIMESTAMP,
    service CHAR(512),
    ticket CHAR(512),
    renew CHAR(1)
);
success!
timestamp: 2015-07-13T11:32:21.629000
CREATE TABLE cross_table(
    id INTEGER PRIMARY KEY AUTOINCREMENT,
    title CHAR(40)
);
success!
timestamp: 2015-07-13T11:32:21.771000
CREATE TABLE vertical_table(
    id INTEGER PRIMARY KEY AUTOINCREMENT,
    parent INTEGER REFERENCES cross_table (id) ON DELETE CASCADE,
    title CHAR(40)
);
success!
timestamp: 2015-07-13T11:32:21.943000
CREATE TABLE plint_table(
    id INTEGER PRIMARY KEY AUTOINCREMENT,
    root INTEGER REFERENCES cross_table (id) ON DELETE CASCADE,
    parent INTEGER REFERENCES vertical_table (id) ON DELETE CASCADE,
    title CHAR(40),
    start1 CHAR(1),
    comdata CHAR(40),
    modon DATE,
    modby INTEGER REFERENCES auth_user (id) ON DELETE CASCADE,
    pid1 CHAR(80),
    pmodon1 DATE,
    pmodby1 INTEGER REFERENCES auth_user (id) ON DELETE CASCADE,
    pid2 CHAR(80),
    pmodon2 DATE,
    pmodby2 INTEGER REFERENCES auth_user (id) ON DELETE CASCADE,
    pid3 CHAR(80),
    pmodon3 DATE,
    pmodby3 INTEGER REFERENCES auth_user (id) ON DELETE CASCADE,
    pid4 CHAR(80),
    pmodon4 DATE,
    pmodby4 INTEGER REFERENCES auth_user (id) ON DELETE CASCADE,
    pid5 CHAR(80),
    pmodon5 DATE,
    pmodby5 INTEGER REFERENCES auth_user (id) ON DELETE CASCADE,
    pid6 CHAR(80),
    pmodon6 DATE,
    pmodby6 INTEGER REFERENCES auth_user (id) ON DELETE CASCADE,
    pid7 CHAR(80),
    pmodon7 DATE,
    pmodby7 INTEGER REFERENCES auth_user (id) ON DELETE CASCADE,
    pid8 CHAR(80),
    pmodon8 DATE,
    pmodby8 INTEGER REFERENCES auth_user (id) ON DELETE CASCADE,
    pid9 CHAR(80),
    pmodon9 DATE,
    pmodby9 INTEGER REFERENCES auth_user (id) ON DELETE CASCADE,
    pid10 CHAR(80),
    pmodon10 DATE,
    pmodby10 INTEGER REFERENCES auth_user (id) ON DELETE CASCADE
);
success!
